[0915/222316.265:ERROR:zip_reader.cc(132)] Cannot open ZIP from file handle 000000000000021C
[0915/222316.265:ERROR:zip.cc(202)] Cannot open ZIP from file handle 000000000000021C
[0915/222316.265:ERROR:zip.cc(179)] Cannot open 'I:\roman\games\RPG Maker MZ\data\RepoUpdater\nwjs\package.nw': FILE_ERROR_NOT_FOUND: Не удается найти указанный файл. (0x2)
[0916/075626.512:ERROR:zip_reader.cc(132)] Cannot open ZIP from file handle 000000000000021C
[0916/075626.844:ERROR:zip.cc(202)] Cannot open ZIP from file handle 000000000000021C
[0916/075626.845:ERROR:zip.cc(179)] Cannot open 'I:\roman\games\RPG Maker MZ\data\RepoUpdater\nwjs\package.nw': FILE_ERROR_NOT_FOUND: Не удается найти указанный файл. (0x2)
[0916/182323.238:ERROR:zip_reader.cc(132)] Cannot open ZIP from file handle 000000000000021C
[0916/182323.238:ERROR:zip.cc(202)] Cannot open ZIP from file handle 000000000000021C
[0916/182323.238:ERROR:zip.cc(179)] Cannot open 'I:\roman\games\RPG Maker MZ\data\RepoUpdater\nwjs\package.nw': FILE_ERROR_NOT_FOUND: Не удается найти указанный файл. (0x2)
[0921/124837.716:ERROR:zip_reader.cc(132)] Cannot open ZIP from file handle 000000000000021C
[0921/124837.754:ERROR:zip.cc(202)] Cannot open ZIP from file handle 000000000000021C
[0921/124837.754:ERROR:zip.cc(179)] Cannot open 'I:\roman\games\RPG Maker MZ\data\RepoUpdater\nwjs\package.nw': FILE_ERROR_NOT_FOUND: Не удается найти указанный файл. (0x2)
[1002/164425.672:ERROR:zip_reader.cc(132)] Cannot open ZIP from file handle 0000000000000214
[1002/164425.686:ERROR:zip.cc(202)] Cannot open ZIP from file handle 0000000000000214
[1002/164425.686:ERROR:zip.cc(179)] Cannot open 'I:\roman\games\RPG Maker MZ\data\RepoUpdater\nwjs\package.nw': FILE_ERROR_NOT_FOUND: Не удается найти указанный файл. (0x2)
[1003/125026.651:ERROR:zip_reader.cc(132)] Cannot open ZIP from file handle 0000000000000214
[1003/125026.733:ERROR:zip.cc(202)] Cannot open ZIP from file handle 0000000000000214
[1003/125026.734:ERROR:zip.cc(179)] Cannot open 'I:\roman\games\RPG Maker MZ\data\RepoUpdater\nwjs\package.nw': FILE_ERROR_NOT_FOUND: Не удается найти указанный файл. (0x2)
[1004/180905.007:ERROR:zip_reader.cc(132)] Cannot open ZIP from file handle 0000000000000214
[1004/180905.098:ERROR:zip.cc(202)] Cannot open ZIP from file handle 0000000000000214
[1004/180905.098:ERROR:zip.cc(179)] Cannot open 'I:\roman\games\RPG Maker MZ\data\RepoUpdater\nwjs\package.nw': FILE_ERROR_NOT_FOUND: Не удается найти указанный файл. (0x2)
[1004/182100.125:ERROR:zip_reader.cc(132)] Cannot open ZIP from file handle 00000000000001A0
[1004/182100.125:ERROR:zip.cc(202)] Cannot open ZIP from file handle 00000000000001A0
[1004/182100.126:ERROR:zip.cc(179)] Cannot open 'I:\roman\games\RPG Maker MZ\data\RepoUpdater\nwjs\package.nw': FILE_ERROR_NOT_FOUND: Не удается найти указанный файл. (0x2)
[1004/183633.240:ERROR:zip_reader.cc(132)] Cannot open ZIP from file handle 00000000000001A0
[1004/183633.240:ERROR:zip.cc(202)] Cannot open ZIP from file handle 00000000000001A0
[1004/183633.240:ERROR:zip.cc(179)] Cannot open 'I:\roman\games\RPG Maker MZ\data\RepoUpdater\nwjs\package.nw': FILE_ERROR_NOT_FOUND: Не удается найти указанный файл. (0x2)
[1004/190124.279:ERROR:zip_reader.cc(132)] Cannot open ZIP from file handle 0000000000000214
[1004/190124.328:ERROR:zip.cc(202)] Cannot open ZIP from file handle 0000000000000214
[1004/190124.328:ERROR:zip.cc(179)] Cannot open 'I:\roman\games\RPG Maker MZ\data\RepoUpdater\nwjs\package.nw': FILE_ERROR_NOT_FOUND: Не удается найти указанный файл. (0x2)
